GowinSynthesis start
Running parser ...
Analyzing Verilog file 'C:\Users\Asus\Desktop\rubbish\src\WM8960_Init\I2C_Init_Dev.v'
Analyzing Verilog file 'C:\Users\Asus\Desktop\rubbish\src\WM8960_Init\WM8960_Init.v'
Analyzing Verilog file 'C:\Users\Asus\Desktop\rubbish\src\WM8960_Init\i2c_bit_shift.v'
Analyzing Verilog file 'C:\Users\Asus\Desktop\rubbish\src\WM8960_Init\i2c_control.v'
Analyzing Verilog file 'C:\Users\Asus\Desktop\rubbish\src\WM8960_Init\wm8960_init_table.v'
Analyzing Verilog file 'C:\Users\Asus\Desktop\rubbish\src\adder.v'
Analyzing Verilog file 'C:\Users\Asus\Desktop\rubbish\src\allpass_fiter.v'
Analyzing Verilog file 'C:\Users\Asus\Desktop\rubbish\src\amplifer.v'
Analyzing Verilog file 'C:\Users\Asus\Desktop\rubbish\src\band_filter.v'
WARN  (EX2830) : Data object 'delay_pipeline' is already declared("C:\Users\Asus\Desktop\rubbish\src\band_filter.v":131)
Previous declaration of 'delay_pipeline' is from here("C:\Users\Asus\Desktop\rubbish\src\band_filter.v":33)
WARN  (EX3671) : Second declaration of 'delay_pipeline' is ignored("C:\Users\Asus\Desktop\rubbish\src\band_filter.v":131)
WARN  (EX2830) : Data object 'product16' is already declared("C:\Users\Asus\Desktop\rubbish\src\band_filter.v":132)
Previous declaration of 'product16' is from here("C:\Users\Asus\Desktop\rubbish\src\band_filter.v":34)
WARN  (EX3671) : Second declaration of 'product16' is ignored("C:\Users\Asus\Desktop\rubbish\src\band_filter.v":132)
WARN  (EX2830) : Data object 'mul_temp' is already declared("C:\Users\Asus\Desktop\rubbish\src\band_filter.v":133)
Previous declaration of 'mul_temp' is from here("C:\Users\Asus\Desktop\rubbish\src\band_filter.v":35)
WARN  (EX3671) : Second declaration of 'mul_temp' is ignored("C:\Users\Asus\Desktop\rubbish\src\band_filter.v":133)
WARN  (EX2830) : Data object 'product15' is already declared("C:\Users\Asus\Desktop\rubbish\src\band_filter.v":134)
Previous declaration of 'product15' is from here("C:\Users\Asus\Desktop\rubbish\src\band_filter.v":36)
WARN  (EX3671) : Second declaration of 'product15' is ignored("C:\Users\Asus\Desktop\rubbish\src\band_filter.v":134)
WARN  (EX2830) : Data object 'mul_temp_1' is already declared("C:\Users\Asus\Desktop\rubbish\src\band_filter.v":135)
Previous declaration of 'mul_temp_1' is from here("C:\Users\Asus\Desktop\rubbish\src\band_filter.v":37)
WARN  (EX3671) : Second declaration of 'mul_temp_1' is ignored("C:\Users\Asus\Desktop\rubbish\src\band_filter.v":135)
WARN  (EX2830) : Data object 'product14' is already declared("C:\Users\Asus\Desktop\rubbish\src\band_filter.v":136)
Previous declaration of 'product14' is from here("C:\Users\Asus\Desktop\rubbish\src\band_filter.v":38)
WARN  (EX3671) : Second declaration of 'product14' is ignored("C:\Users\Asus\Desktop\rubbish\src\band_filter.v":136)
WARN  (EX2830) : Data object 'mul_temp_2' is already declared("C:\Users\Asus\Desktop\rubbish\src\band_filter.v":137)
Previous declaration of 'mul_temp_2' is from here("C:\Users\Asus\Desktop\rubbish\src\band_filter.v":39)
WARN  (EX3671) : Second declaration of 'mul_temp_2' is ignored("C:\Users\Asus\Desktop\rubbish\src\band_filter.v":137)
WARN  (EX2830) : Data object 'product13' is already declared("C:\Users\Asus\Desktop\rubbish\src\band_filter.v":138)
Previous declaration of 'product13' is from here("C:\Users\Asus\Desktop\rubbish\src\band_filter.v":40)
WARN  (EX3671) : Second declaration of 'product13' is ignored("C:\Users\Asus\Desktop\rubbish\src\band_filter.v":138)
WARN  (EX2830) : Data object 'mul_temp_3' is already declared("C:\Users\Asus\Desktop\rubbish\src\band_filter.v":139)
Previous declaration of 'mul_temp_3' is from here("C:\Users\Asus\Desktop\rubbish\src\band_filter.v":41)
WARN  (EX3671) : Second declaration of 'mul_temp_3' is ignored("C:\Users\Asus\Desktop\rubbish\src\band_filter.v":139)
WARN  (EX2830) : Data object 'product12' is already declared("C:\Users\Asus\Desktop\rubbish\src\band_filter.v":140)
Previous declaration of 'product12' is from here("C:\Users\Asus\Desktop\rubbish\src\band_filter.v":42)
WARN  (EX3671) : Second declaration of 'product12' is ignored("C:\Users\Asus\Desktop\rubbish\src\band_filter.v":140)
WARN  (EX2830) : Data object 'mul_temp_4' is already declared("C:\Users\Asus\Desktop\rubbish\src\band_filter.v":141)
Previous declaration of 'mul_temp_4' is from here("C:\Users\Asus\Desktop\rubbish\src\band_filter.v":43)
WARN  (EX3671) : Second declaration of 'mul_temp_4' is ignored("C:\Users\Asus\Desktop\rubbish\src\band_filter.v":141)
WARN  (EX2830) : Data object 'product11' is already declared("C:\Users\Asus\Desktop\rubbish\src\band_filter.v":142)
Previous declaration of 'product11' is from here("C:\Users\Asus\Desktop\rubbish\src\band_filter.v":44)
WARN  (EX3671) : Second declaration of 'product11' is ignored("C:\Users\Asus\Desktop\rubbish\src\band_filter.v":142)
WARN  (EX2830) : Data object 'mul_temp_5' is already declared("C:\Users\Asus\Desktop\rubbish\src\band_filter.v":143)
Previous declaration of 'mul_temp_5' is from here("C:\Users\Asus\Desktop\rubbish\src\band_filter.v":45)
WARN  (EX3671) : Second declaration of 'mul_temp_5' is ignored("C:\Users\Asus\Desktop\rubbish\src\band_filter.v":143)
WARN  (EX2830) : Data object 'product10' is already declared("C:\Users\Asus\Desktop\rubbish\src\band_filter.v":144)
Previous declaration of 'product10' is from here("C:\Users\Asus\Desktop\rubbish\src\band_filter.v":46)
WARN  (EX3671) : Second declaration of 'product10' is ignored("C:\Users\Asus\Desktop\rubbish\src\band_filter.v":144)
WARN  (EX2830) : Data object 'mul_temp_6' is already declared("C:\Users\Asus\Desktop\rubbish\src\band_filter.v":145)
Previous declaration of 'mul_temp_6' is from here("C:\Users\Asus\Desktop\rubbish\src\band_filter.v":47)
WARN  (EX3671) : Second declaration of 'mul_temp_6' is ignored("C:\Users\Asus\Desktop\rubbish\src\band_filter.v":145)
WARN  (EX2830) : Data object 'product9' is already declared("C:\Users\Asus\Desktop\rubbish\src\band_filter.v":146)
Previous declaration of 'product9' is from here("C:\Users\Asus\Desktop\rubbish\src\band_filter.v":48)
WARN  (EX3671) : Second declaration of 'product9' is ignored("C:\Users\Asus\Desktop\rubbish\src\band_filter.v":146)
WARN  (EX2830) : Data object 'mul_temp_7' is already declared("C:\Users\Asus\Desktop\rubbish\src\band_filter.v":147)
Previous declaration of 'mul_temp_7' is from here("C:\Users\Asus\Desktop\rubbish\src\band_filter.v":49)
WARN  (EX3671) : Second declaration of 'mul_temp_7' is ignored("C:\Users\Asus\Desktop\rubbish\src\band_filter.v":147)
WARN  (EX2830) : Data object 'product8' is already declared("C:\Users\Asus\Desktop\rubbish\src\band_filter.v":148)
Previous declaration of 'product8' is from here("C:\Users\Asus\Desktop\rubbish\src\band_filter.v":50)
WARN  (EX3671) : Second declaration of 'product8' is ignored("C:\Users\Asus\Desktop\rubbish\src\band_filter.v":148)
WARN  (EX2830) : Data object 'mul_temp_8' is already declared("C:\Users\Asus\Desktop\rubbish\src\band_filter.v":149)
Previous declaration of 'mul_temp_8' is from here("C:\Users\Asus\Desktop\rubbish\src\band_filter.v":51)
WARN  (EX3671) : Second declaration of 'mul_temp_8' is ignored("C:\Users\Asus\Desktop\rubbish\src\band_filter.v":149)
WARN  (EX2830) : Data object 'product7' is already declared("C:\Users\Asus\Desktop\rubbish\src\band_filter.v":150)
Previous declaration of 'product7' is from here("C:\Users\Asus\Desktop\rubbish\src\band_filter.v":52)
WARN  (EX3671) : Second declaration of 'product7' is ignored("C:\Users\Asus\Desktop\rubbish\src\band_filter.v":150)
WARN  (EX2830) : Data object 'mul_temp_9' is already declared("C:\Users\Asus\Desktop\rubbish\src\band_filter.v":151)
Previous declaration of 'mul_temp_9' is from here("C:\Users\Asus\Desktop\rubbish\src\band_filter.v":53)
WARN  (EX3671) : Second declaration of 'mul_temp_9' is ignored("C:\Users\Asus\Desktop\rubbish\src\band_filter.v":151)
WARN  (EX2830) : Data object 'product6' is already declared("C:\Users\Asus\Desktop\rubbish\src\band_filter.v":152)
Previous declaration of 'product6' is from here("C:\Users\Asus\Desktop\rubbish\src\band_filter.v":54)
WARN  (EX3671) : Second declaration of 'product6' is ignored("C:\Users\Asus\Desktop\rubbish\src\band_filter.v":152)
WARN  (EX2830) : Data object 'mul_temp_10' is already declared("C:\Users\Asus\Desktop\rubbish\src\band_filter.v":153)
Previous declaration of 'mul_temp_10' is from here("C:\Users\Asus\Desktop\rubbish\src\band_filter.v":55)
WARN  (EX3671) : Second declaration of 'mul_temp_10' is ignored("C:\Users\Asus\Desktop\rubbish\src\band_filter.v":153)
WARN  (EX2830) : Data object 'product5' is already declared("C:\Users\Asus\Desktop\rubbish\src\band_filter.v":154)
Previous declaration of 'product5' is from here("C:\Users\Asus\Desktop\rubbish\src\band_filter.v":56)
WARN  (EX3671) : Second declaration of 'product5' is ignored("C:\Users\Asus\Desktop\rubbish\src\band_filter.v":154)
WARN  (EX2830) : Data object 'mul_temp_11' is already declared("C:\Users\Asus\Desktop\rubbish\src\band_filter.v":155)
Previous declaration of 'mul_temp_11' is from here("C:\Users\Asus\Desktop\rubbish\src\band_filter.v":57)
WARN  (EX3671) : Second declaration of 'mul_temp_11' is ignored("C:\Users\Asus\Desktop\rubbish\src\band_filter.v":155)
WARN  (EX2830) : Data object 'product4' is already declared("C:\Users\Asus\Desktop\rubbish\src\band_filter.v":156)
Previous declaration of 'product4' is from here("C:\Users\Asus\Desktop\rubbish\src\band_filter.v":58)
WARN  (EX3671) : Second declaration of 'product4' is ignored("C:\Users\Asus\Desktop\rubbish\src\band_filter.v":156)
WARN  (EX2830) : Data object 'mul_temp_12' is already declared("C:\Users\Asus\Desktop\rubbish\src\band_filter.v":157)
Previous declaration of 'mul_temp_12' is from here("C:\Users\Asus\Desktop\rubbish\src\band_filter.v":59)
WARN  (EX3671) : Second declaration of 'mul_temp_12' is ignored("C:\Users\Asus\Desktop\rubbish\src\band_filter.v":157)
WARN  (EX2830) : Data object 'product3' is already declared("C:\Users\Asus\Desktop\rubbish\src\band_filter.v":158)
Previous declaration of 'product3' is from here("C:\Users\Asus\Desktop\rubbish\src\band_filter.v":60)
WARN  (EX3671) : Second declaration of 'product3' is ignored("C:\Users\Asus\Desktop\rubbish\src\band_filter.v":158)
WARN  (EX2830) : Data object 'mul_temp_13' is already declared("C:\Users\Asus\Desktop\rubbish\src\band_filter.v":159)
Previous declaration of 'mul_temp_13' is from here("C:\Users\Asus\Desktop\rubbish\src\band_filter.v":61)
WARN  (EX3671) : Second declaration of 'mul_temp_13' is ignored("C:\Users\Asus\Desktop\rubbish\src\band_filter.v":159)
WARN  (EX2830) : Data object 'product2' is already declared("C:\Users\Asus\Desktop\rubbish\src\band_filter.v":160)
Previous declaration of 'product2' is from here("C:\Users\Asus\Desktop\rubbish\src\band_filter.v":62)
WARN  (EX3671) : Second declaration of 'product2' is ignored("C:\Users\Asus\Desktop\rubbish\src\band_filter.v":160)
WARN  (EX2830) : Data object 'mul_temp_14' is already declared("C:\Users\Asus\Desktop\rubbish\src\band_filter.v":161)
Previous declaration of 'mul_temp_14' is from here("C:\Users\Asus\Desktop\rubbish\src\band_filter.v":63)
WARN  (EX3671) : Second declaration of 'mul_temp_14' is ignored("C:\Users\Asus\Desktop\rubbish\src\band_filter.v":161)
WARN  (EX2830) : Data object 'product1_cast' is already declared("C:\Users\Asus\Desktop\rubbish\src\band_filter.v":162)
Previous declaration of 'product1_cast' is from here("C:\Users\Asus\Desktop\rubbish\src\band_filter.v":64)
WARN  (EX3671) : Second declaration of 'product1_cast' is ignored("C:\Users\Asus\Desktop\rubbish\src\band_filter.v":162)
WARN  (EX2830) : Data object 'product1' is already declared("C:\Users\Asus\Desktop\rubbish\src\band_filter.v":163)
Previous declaration of 'product1' is from here("C:\Users\Asus\Desktop\rubbish\src\band_filter.v":65)
WARN  (EX3671) : Second declaration of 'product1' is ignored("C:\Users\Asus\Desktop\rubbish\src\band_filter.v":163)
WARN  (EX2830) : Data object 'mul_temp_15' is already declared("C:\Users\Asus\Desktop\rubbish\src\band_filter.v":164)
Previous declaration of 'mul_temp_15' is from here("C:\Users\Asus\Desktop\rubbish\src\band_filter.v":66)
WARN  (EX3671) : Second declaration of 'mul_temp_15' is ignored("C:\Users\Asus\Desktop\rubbish\src\band_filter.v":164)
WARN  (EX2830) : Data object 'sum1' is already declared("C:\Users\Asus\Desktop\rubbish\src\band_filter.v":165)
Previous declaration of 'sum1' is from here("C:\Users\Asus\Desktop\rubbish\src\band_filter.v":67)
WARN  (EX3671) : Second declaration of 'sum1' is ignored("C:\Users\Asus\Desktop\rubbish\src\band_filter.v":165)
WARN  (EX2830) : Data object 'add_signext' is already declared("C:\Users\Asus\Desktop\rubbish\src\band_filter.v":166)
Previous declaration of 'add_signext' is from here("C:\Users\Asus\Desktop\rubbish\src\band_filter.v":68)
WARN  (EX3671) : Second declaration of 'add_signext' is ignored("C:\Users\Asus\Desktop\rubbish\src\band_filter.v":166)
WARN  (EX2830) : Data object 'add_signext_1' is already declared("C:\Users\Asus\Desktop\rubbish\src\band_filter.v":167)
Previous declaration of 'add_signext_1' is from here("C:\Users\Asus\Desktop\rubbish\src\band_filter.v":69)
WARN  (EX3671) : Second declaration of 'add_signext_1' is ignored("C:\Users\Asus\Desktop\rubbish\src\band_filter.v":167)
WARN  (EX2830) : Data object 'add_temp' is already declared("C:\Users\Asus\Desktop\rubbish\src\band_filter.v":168)
Previous declaration of 'add_temp' is from here("C:\Users\Asus\Desktop\rubbish\src\band_filter.v":70)
WARN  (EX3671) : Second declaration of 'add_temp' is ignored("C:\Users\Asus\Desktop\rubbish\src\band_filter.v":168)
WARN  (EX2830) : Data object 'sum2' is already declared("C:\Users\Asus\Desktop\rubbish\src\band_filter.v":169)
Previous declaration of 'sum2' is from here("C:\Users\Asus\Desktop\rubbish\src\band_filter.v":71)
WARN  (EX3671) : Second declaration of 'sum2' is ignored("C:\Users\Asus\Desktop\rubbish\src\band_filter.v":169)
WARN  (EX2830) : Data object 'add_signext_2' is already declared("C:\Users\Asus\Desktop\rubbish\src\band_filter.v":170)
Previous declaration of 'add_signext_2' is from here("C:\Users\Asus\Desktop\rubbish\src\band_filter.v":72)
WARN  (EX3671) : Second declaration of 'add_signext_2' is ignored("C:\Users\Asus\Desktop\rubbish\src\band_filter.v":170)
WARN  (EX2830) : Data object 'add_signext_3' is already declared("C:\Users\Asus\Desktop\rubbish\src\band_filter.v":171)
Previous declaration of 'add_signext_3' is from here("C:\Users\Asus\Desktop\rubbish\src\band_filter.v":73)
WARN  (EX3671) : Second declaration of 'add_signext_3' is ignored("C:\Users\Asus\Desktop\rubbish\src\band_filter.v":171)
WARN  (EX2830) : Data object 'add_temp_1' is already declared("C:\Users\Asus\Desktop\rubbish\src\band_filter.v":172)
Previous declaration of 'add_temp_1' is from here("C:\Users\Asus\Desktop\rubbish\src\band_filter.v":74)
WARN  (EX3671) : Second declaration of 'add_temp_1' is ignored("C:\Users\Asus\Desktop\rubbish\src\band_filter.v":172)
WARN  (EX2830) : Data object 'sum3' is already declared("C:\Users\Asus\Desktop\rubbish\src\band_filter.v":173)
Previous declaration of 'sum3' is from here("C:\Users\Asus\Desktop\rubbish\src\band_filter.v":75)
WARN  (EX3671) : Second declaration of 'sum3' is ignored("C:\Users\Asus\Desktop\rubbish\src\band_filter.v":173)
WARN  (EX2830) : Data object 'add_signext_4' is already declared("C:\Users\Asus\Desktop\rubbish\src\band_filter.v":174)
Previous declaration of 'add_signext_4' is from here("C:\Users\Asus\Desktop\rubbish\src\band_filter.v":76)
WARN  (EX3671) : Second declaration of 'add_signext_4' is ignored("C:\Users\Asus\Desktop\rubbish\src\band_filter.v":174)
WARN  (EX2830) : Data object 'add_signext_5' is already declared("C:\Users\Asus\Desktop\rubbish\src\band_filter.v":175)
Previous declaration of 'add_signext_5' is from here("C:\Users\Asus\Desktop\rubbish\src\band_filter.v":77)
WARN  (EX3671) : Second declaration of 'add_signext_5' is ignored("C:\Users\Asus\Desktop\rubbish\src\band_filter.v":175)
WARN  (EX2830) : Data object 'add_temp_2' is already declared("C:\Users\Asus\Desktop\rubbish\src\band_filter.v":176)
Previous declaration of 'add_temp_2' is from here("C:\Users\Asus\Desktop\rubbish\src\band_filter.v":78)
WARN  (EX3671) : Second declaration of 'add_temp_2' is ignored("C:\Users\Asus\Desktop\rubbish\src\band_filter.v":176)
WARN  (EX2830) : Data object 'sum4' is already declared("C:\Users\Asus\Desktop\rubbish\src\band_filter.v":177)
Previous declaration of 'sum4' is from here("C:\Users\Asus\Desktop\rubbish\src\band_filter.v":79)
WARN  (EX3671) : Second declaration of 'sum4' is ignored("C:\Users\Asus\Desktop\rubbish\src\band_filter.v":177)
WARN  (EX2830) : Data object 'add_signext_6' is already declared("C:\Users\Asus\Desktop\rubbish\src\band_filter.v":178)
Previous declaration of 'add_signext_6' is from here("C:\Users\Asus\Desktop\rubbish\src\band_filter.v":80)
WARN  (EX3671) : Second declaration of 'add_signext_6' is ignored("C:\Users\Asus\Desktop\rubbish\src\band_filter.v":178)
WARN  (EX2830) : Data object 'add_signext_7' is already declared("C:\Users\Asus\Desktop\rubbish\src\band_filter.v":179)
Previous declaration of 'add_signext_7' is from here("C:\Users\Asus\Desktop\rubbish\src\band_filter.v":81)
WARN  (EX3671) : Second declaration of 'add_signext_7' is ignored("C:\Users\Asus\Desktop\rubbish\src\band_filter.v":179)
WARN  (EX2830) : Data object 'add_temp_3' is already declared("C:\Users\Asus\Desktop\rubbish\src\band_filter.v":180)
Previous declaration of 'add_temp_3' is from here("C:\Users\Asus\Desktop\rubbish\src\band_filter.v":82)
WARN  (EX3671) : Second declaration of 'add_temp_3' is ignored("C:\Users\Asus\Desktop\rubbish\src\band_filter.v":180)
WARN  (EX2830) : Data object 'sum5' is already declared("C:\Users\Asus\Desktop\rubbish\src\band_filter.v":181)
Previous declaration of 'sum5' is from here("C:\Users\Asus\Desktop\rubbish\src\band_filter.v":83)
WARN  (EX3671) : Second declaration of 'sum5' is ignored("C:\Users\Asus\Desktop\rubbish\src\band_filter.v":181)
WARN  (EX2830) : Data object 'add_signext_8' is already declared("C:\Users\Asus\Desktop\rubbish\src\band_filter.v":182)
Previous declaration of 'add_signext_8' is from here("C:\Users\Asus\Desktop\rubbish\src\band_filter.v":84)
WARN  (EX3671) : Second declaration of 'add_signext_8' is ignored("C:\Users\Asus\Desktop\rubbish\src\band_filter.v":182)
WARN  (EX2830) : Data object 'add_signext_9' is already declared("C:\Users\Asus\Desktop\rubbish\src\band_filter.v":183)
Previous declaration of 'add_signext_9' is from here("C:\Users\Asus\Desktop\rubbish\src\band_filter.v":85)
WARN  (EX3671) : Second declaration of 'add_signext_9' is ignored("C:\Users\Asus\Desktop\rubbish\src\band_filter.v":183)
WARN  (EX2830) : Data object 'add_temp_4' is already declared("C:\Users\Asus\Desktop\rubbish\src\band_filter.v":184)
Previous declaration of 'add_temp_4' is from here("C:\Users\Asus\Desktop\rubbish\src\band_filter.v":86)
WARN  (EX3671) : Second declaration of 'add_temp_4' is ignored("C:\Users\Asus\Desktop\rubbish\src\band_filter.v":184)
WARN  (EX2830) : Data object 'sum6' is already declared("C:\Users\Asus\Desktop\rubbish\src\band_filter.v":185)
Previous declaration of 'sum6' is from here("C:\Users\Asus\Desktop\rubbish\src\band_filter.v":87)
WARN  (EX3671) : Second declaration of 'sum6' is ignored("C:\Users\Asus\Desktop\rubbish\src\band_filter.v":185)
WARN  (EX2830) : Data object 'add_signext_10' is already declared("C:\Users\Asus\Desktop\rubbish\src\band_filter.v":186)
Previous declaration of 'add_signext_10' is from here("C:\Users\Asus\Desktop\rubbish\src\band_filter.v":88)
WARN  (EX3671) : Second declaration of 'add_signext_10' is ignored("C:\Users\Asus\Desktop\rubbish\src\band_filter.v":186)
WARN  (EX2830) : Data object 'add_signext_11' is already declared("C:\Users\Asus\Desktop\rubbish\src\band_filter.v":187)
Previous declaration of 'add_signext_11' is from here("C:\Users\Asus\Desktop\rubbish\src\band_filter.v":89)
WARN  (EX3671) : Second declaration of 'add_signext_11' is ignored("C:\Users\Asus\Desktop\rubbish\src\band_filter.v":187)
WARN  (EX2830) : Data object 'add_temp_5' is already declared("C:\Users\Asus\Desktop\rubbish\src\band_filter.v":188)
Previous declaration of 'add_temp_5' is from here("C:\Users\Asus\Desktop\rubbish\src\band_filter.v":90)
WARN  (EX3671) : Second declaration of 'add_temp_5' is ignored("C:\Users\Asus\Desktop\rubbish\src\band_filter.v":188)
WARN  (EX2830) : Data object 'sum7' is already declared("C:\Users\Asus\Desktop\rubbish\src\band_filter.v":189)
Previous declaration of 'sum7' is from here("C:\Users\Asus\Desktop\rubbish\src\band_filter.v":91)
WARN  (EX3671) : Second declaration of 'sum7' is ignored("C:\Users\Asus\Desktop\rubbish\src\band_filter.v":189)
WARN  (EX2830) : Data object 'add_signext_12' is already declared("C:\Users\Asus\Desktop\rubbish\src\band_filter.v":190)
Previous declaration of 'add_signext_12' is from here("C:\Users\Asus\Desktop\rubbish\src\band_filter.v":92)
WARN  (EX3671) : Second declaration of 'add_signext_12' is ignored("C:\Users\Asus\Desktop\rubbish\src\band_filter.v":190)
WARN  (EX2830) : Data object 'add_signext_13' is already declared("C:\Users\Asus\Desktop\rubbish\src\band_filter.v":191)
Previous declaration of 'add_signext_13' is from here("C:\Users\Asus\Desktop\rubbish\src\band_filter.v":93)
WARN  (EX3671) : Second declaration of 'add_signext_13' is ignored("C:\Users\Asus\Desktop\rubbish\src\band_filter.v":191)
WARN  (EX2830) : Data object 'add_temp_6' is already declared("C:\Users\Asus\Desktop\rubbish\src\band_filter.v":192)
Previous declaration of 'add_temp_6' is from here("C:\Users\Asus\Desktop\rubbish\src\band_filter.v":94)
WARN  (EX3671) : Second declaration of 'add_temp_6' is ignored("C:\Users\Asus\Desktop\rubbish\src\band_filter.v":192)
WARN  (EX2830) : Data object 'sum8' is already declared("C:\Users\Asus\Desktop\rubbish\src\band_filter.v":193)
Previous declaration of 'sum8' is from here("C:\Users\Asus\Desktop\rubbish\src\band_filter.v":95)
WARN  (EX3671) : Second declaration of 'sum8' is ignored("C:\Users\Asus\Desktop\rubbish\src\band_filter.v":193)
WARN  (EX2830) : Data object 'add_signext_14' is already declared("C:\Users\Asus\Desktop\rubbish\src\band_filter.v":194)
Previous declaration of 'add_signext_14' is from here("C:\Users\Asus\Desktop\rubbish\src\band_filter.v":96)
WARN  (EX3671) : Second declaration of 'add_signext_14' is ignored("C:\Users\Asus\Desktop\rubbish\src\band_filter.v":194)
WARN  (EX2830) : Data object 'add_signext_15' is already declared("C:\Users\Asus\Desktop\rubbish\src\band_filter.v":195)
Previous declaration of 'add_signext_15' is from here("C:\Users\Asus\Desktop\rubbish\src\band_filter.v":97)
WARN  (EX3671) : Second declaration of 'add_signext_15' is ignored("C:\Users\Asus\Desktop\rubbish\src\band_filter.v":195)
WARN  (EX2830) : Data object 'add_temp_7' is already declared("C:\Users\Asus\Desktop\rubbish\src\band_filter.v":196)
Previous declaration of 'add_temp_7' is from here("C:\Users\Asus\Desktop\rubbish\src\band_filter.v":98)
WARN  (EX3671) : Second declaration of 'add_temp_7' is ignored("C:\Users\Asus\Desktop\rubbish\src\band_filter.v":196)
WARN  (EX2830) : Data object 'sum9' is already declared("C:\Users\Asus\Desktop\rubbish\src\band_filter.v":197)
Previous declaration of 'sum9' is from here("C:\Users\Asus\Desktop\rubbish\src\band_filter.v":99)
WARN  (EX3671) : Second declaration of 'sum9' is ignored("C:\Users\Asus\Desktop\rubbish\src\band_filter.v":197)
WARN  (EX2830) : Data object 'add_signext_16' is already declared("C:\Users\Asus\Desktop\rubbish\src\band_filter.v":198)
Previous declaration of 'add_signext_16' is from here("C:\Users\Asus\Desktop\rubbish\src\band_filter.v":100)
WARN  (EX3671) : Second declaration of 'add_signext_16' is ignored("C:\Users\Asus\Desktop\rubbish\src\band_filter.v":198)
WARN  (EX2830) : Data object 'add_signext_17' is already declared("C:\Users\Asus\Desktop\rubbish\src\band_filter.v":199)
Previous declaration of 'add_signext_17' is from here("C:\Users\Asus\Desktop\rubbish\src\band_filter.v":101)
WARN  (EX3671) : Second declaration of 'add_signext_17' is ignored("C:\Users\Asus\Desktop\rubbish\src\band_filter.v":199)
WARN  (EX2830) : Data object 'add_temp_8' is already declared("C:\Users\Asus\Desktop\rubbish\src\band_filter.v":200)
Previous declaration of 'add_temp_8' is from here("C:\Users\Asus\Desktop\rubbish\src\band_filter.v":102)
WARN  (EX3671) : Second declaration of 'add_temp_8' is ignored("C:\Users\Asus\Desktop\rubbish\src\band_filter.v":200)
WARN  (EX2830) : Data object 'sum10' is already declared("C:\Users\Asus\Desktop\rubbish\src\band_filter.v":201)
Previous declaration of 'sum10' is from here("C:\Users\Asus\Desktop\rubbish\src\band_filter.v":103)
WARN  (EX3671) : Second declaration of 'sum10' is ignored("C:\Users\Asus\Desktop\rubbish\src\band_filter.v":201)
WARN  (EX2830) : Data object 'add_signext_18' is already declared("C:\Users\Asus\Desktop\rubbish\src\band_filter.v":202)
Previous declaration of 'add_signext_18' is from here("C:\Users\Asus\Desktop\rubbish\src\band_filter.v":104)
WARN  (EX3671) : Second declaration of 'add_signext_18' is ignored("C:\Users\Asus\Desktop\rubbish\src\band_filter.v":202)
WARN  (EX2830) : Data object 'add_signext_19' is already declared("C:\Users\Asus\Desktop\rubbish\src\band_filter.v":203)
Previous declaration of 'add_signext_19' is from here("C:\Users\Asus\Desktop\rubbish\src\band_filter.v":105)
WARN  (EX3671) : Second declaration of 'add_signext_19' is ignored("C:\Users\Asus\Desktop\rubbish\src\band_filter.v":203)
WARN  (EX2830) : Data object 'add_temp_9' is already declared("C:\Users\Asus\Desktop\rubbish\src\band_filter.v":204)
Previous declaration of 'add_temp_9' is from here("C:\Users\Asus\Desktop\rubbish\src\band_filter.v":106)
WARN  (EX3671) : Second declaration of 'add_temp_9' is ignored("C:\Users\Asus\Desktop\rubbish\src\band_filter.v":204)
WARN  (EX2830) : Data object 'sum11' is already declared("C:\Users\Asus\Desktop\rubbish\src\band_filter.v":205)
Previous declaration of 'sum11' is from here("C:\Users\Asus\Desktop\rubbish\src\band_filter.v":107)
WARN  (EX3671) : Second declaration of 'sum11' is ignored("C:\Users\Asus\Desktop\rubbish\src\band_filter.v":205)
WARN  (EX2830) : Data object 'add_signext_20' is already declared("C:\Users\Asus\Desktop\rubbish\src\band_filter.v":206)
Previous declaration of 'add_signext_20' is from here("C:\Users\Asus\Desktop\rubbish\src\band_filter.v":108)
WARN  (EX3671) : Second declaration of 'add_signext_20' is ignored("C:\Users\Asus\Desktop\rubbish\src\band_filter.v":206)
WARN  (EX2830) : Data object 'add_signext_21' is already declared("C:\Users\Asus\Desktop\rubbish\src\band_filter.v":207)
Previous declaration of 'add_signext_21' is from here("C:\Users\Asus\Desktop\rubbish\src\band_filter.v":109)
WARN  (EX3671) : Second declaration of 'add_signext_21' is ignored("C:\Users\Asus\Desktop\rubbish\src\band_filter.v":207)
WARN  (EX2830) : Data object 'add_temp_10' is already declared("C:\Users\Asus\Desktop\rubbish\src\band_filter.v":208)
Previous declaration of 'add_temp_10' is from here("C:\Users\Asus\Desktop\rubbish\src\band_filter.v":110)
WARN  (EX3671) : Second declaration of 'add_temp_10' is ignored("C:\Users\Asus\Desktop\rubbish\src\band_filter.v":208)
WARN  (EX2830) : Data object 'sum12' is already declared("C:\Users\Asus\Desktop\rubbish\src\band_filter.v":209)
Previous declaration of 'sum12' is from here("C:\Users\Asus\Desktop\rubbish\src\band_filter.v":111)
WARN  (EX3671) : Second declaration of 'sum12' is ignored("C:\Users\Asus\Desktop\rubbish\src\band_filter.v":209)
WARN  (EX2830) : Data object 'add_signext_22' is already declared("C:\Users\Asus\Desktop\rubbish\src\band_filter.v":210)
Previous declaration of 'add_signext_22' is from here("C:\Users\Asus\Desktop\rubbish\src\band_filter.v":112)
WARN  (EX3671) : Second declaration of 'add_signext_22' is ignored("C:\Users\Asus\Desktop\rubbish\src\band_filter.v":210)
WARN  (EX2830) : Data object 'add_signext_23' is already declared("C:\Users\Asus\Desktop\rubbish\src\band_filter.v":211)
Previous declaration of 'add_signext_23' is from here("C:\Users\Asus\Desktop\rubbish\src\band_filter.v":113)
WARN  (EX3671) : Second declaration of 'add_signext_23' is ignored("C:\Users\Asus\Desktop\rubbish\src\band_filter.v":211)
WARN  (EX2830) : Data object 'add_temp_11' is already declared("C:\Users\Asus\Desktop\rubbish\src\band_filter.v":212)
Previous declaration of 'add_temp_11' is from here("C:\Users\Asus\Desktop\rubbish\src\band_filter.v":114)
WARN  (EX3671) : Second declaration of 'add_temp_11' is ignored("C:\Users\Asus\Desktop\rubbish\src\band_filter.v":212)
WARN  (EX2830) : Data object 'sum13' is already declared("C:\Users\Asus\Desktop\rubbish\src\band_filter.v":213)
Previous declaration of 'sum13' is from here("C:\Users\Asus\Desktop\rubbish\src\band_filter.v":115)
WARN  (EX3671) : Second declaration of 'sum13' is ignored("C:\Users\Asus\Desktop\rubbish\src\band_filter.v":213)
WARN  (EX2830) : Data object 'add_signext_24' is already declared("C:\Users\Asus\Desktop\rubbish\src\band_filter.v":214)
Previous declaration of 'add_signext_24' is from here("C:\Users\Asus\Desktop\rubbish\src\band_filter.v":116)
WARN  (EX3671) : Second declaration of 'add_signext_24' is ignored("C:\Users\Asus\Desktop\rubbish\src\band_filter.v":214)
WARN  (EX2830) : Data object 'add_signext_25' is already declared("C:\Users\Asus\Desktop\rubbish\src\band_filter.v":215)
Previous declaration of 'add_signext_25' is from here("C:\Users\Asus\Desktop\rubbish\src\band_filter.v":117)
WARN  (EX3671) : Second declaration of 'add_signext_25' is ignored("C:\Users\Asus\Desktop\rubbish\src\band_filter.v":215)
WARN  (EX2830) : Data object 'add_temp_12' is already declared("C:\Users\Asus\Desktop\rubbish\src\band_filter.v":216)
Previous declaration of 'add_temp_12' is from here("C:\Users\Asus\Desktop\rubbish\src\band_filter.v":118)
WARN  (EX3671) : Second declaration of 'add_temp_12' is ignored("C:\Users\Asus\Desktop\rubbish\src\band_filter.v":216)
WARN  (EX2830) : Data object 'sum14' is already declared("C:\Users\Asus\Desktop\rubbish\src\band_filter.v":217)
Previous declaration of 'sum14' is from here("C:\Users\Asus\Desktop\rubbish\src\band_filter.v":119)
WARN  (EX3671) : Second declaration of 'sum14' is ignored("C:\Users\Asus\Desktop\rubbish\src\band_filter.v":217)
WARN  (EX2830) : Data object 'add_signext_26' is already declared("C:\Users\Asus\Desktop\rubbish\src\band_filter.v":218)
Previous declaration of 'add_signext_26' is from here("C:\Users\Asus\Desktop\rubbish\src\band_filter.v":120)
WARN  (EX3671) : Second declaration of 'add_signext_26' is ignored("C:\Users\Asus\Desktop\rubbish\src\band_filter.v":218)
WARN  (EX2830) : Data object 'add_signext_27' is already declared("C:\Users\Asus\Desktop\rubbish\src\band_filter.v":219)
Previous declaration of 'add_signext_27' is from here("C:\Users\Asus\Desktop\rubbish\src\band_filter.v":121)
WARN  (EX3671) : Second declaration of 'add_signext_27' is ignored("C:\Users\Asus\Desktop\rubbish\src\band_filter.v":219)
WARN  (EX2830) : Data object 'add_temp_13' is already declared("C:\Users\Asus\Desktop\rubbish\src\band_filter.v":220)
Previous declaration of 'add_temp_13' is from here("C:\Users\Asus\Desktop\rubbish\src\band_filter.v":122)
WARN  (EX3671) : Second declaration of 'add_temp_13' is ignored("C:\Users\Asus\Desktop\rubbish\src\band_filter.v":220)
WARN  (EX2830) : Data object 'sum15' is already declared("C:\Users\Asus\Desktop\rubbish\src\band_filter.v":221)
Previous declaration of 'sum15' is from here("C:\Users\Asus\Desktop\rubbish\src\band_filter.v":123)
WARN  (EX3671) : Second declaration of 'sum15' is ignored("C:\Users\Asus\Desktop\rubbish\src\band_filter.v":221)
WARN  (EX2830) : Data object 'add_signext_28' is already declared("C:\Users\Asus\Desktop\rubbish\src\band_filter.v":222)
Previous declaration of 'add_signext_28' is from here("C:\Users\Asus\Desktop\rubbish\src\band_filter.v":124)
WARN  (EX3671) : Second declaration of 'add_signext_28' is ignored("C:\Users\Asus\Desktop\rubbish\src\band_filter.v":222)
WARN  (EX2830) : Data object 'add_signext_29' is already declared("C:\Users\Asus\Desktop\rubbish\src\band_filter.v":223)
Previous declaration of 'add_signext_29' is from here("C:\Users\Asus\Desktop\rubbish\src\band_filter.v":125)
WARN  (EX3671) : Second declaration of 'add_signext_29' is ignored("C:\Users\Asus\Desktop\rubbish\src\band_filter.v":223)
WARN  (EX2830) : Data object 'add_temp_14' is already declared("C:\Users\Asus\Desktop\rubbish\src\band_filter.v":224)
Previous declaration of 'add_temp_14' is from here("C:\Users\Asus\Desktop\rubbish\src\band_filter.v":126)
WARN  (EX3671) : Second declaration of 'add_temp_14' is ignored("C:\Users\Asus\Desktop\rubbish\src\band_filter.v":224)
WARN  (EX2830) : Data object 'output_typeconvert' is already declared("C:\Users\Asus\Desktop\rubbish\src\band_filter.v":225)
Previous declaration of 'output_typeconvert' is from here("C:\Users\Asus\Desktop\rubbish\src\band_filter.v":127)
WARN  (EX3671) : Second declaration of 'output_typeconvert' is ignored("C:\Users\Asus\Desktop\rubbish\src\band_filter.v":225)
WARN  (EX2830) : Data object 'output_register' is already declared("C:\Users\Asus\Desktop\rubbish\src\band_filter.v":226)
Previous declaration of 'output_register' is from here("C:\Users\Asus\Desktop\rubbish\src\band_filter.v":128)
WARN  (EX3671) : Second declaration of 'output_register' is ignored("C:\Users\Asus\Desktop\rubbish\src\band_filter.v":226)
Analyzing Verilog file 'C:\Users\Asus\Desktop\rubbish\src\base_generator.v'
Analyzing Verilog file 'C:\Users\Asus\Desktop\rubbish\src\byte_rx.v'
Analyzing Verilog file 'C:\Users\Asus\Desktop\rubbish\src\chorus.v'
Undeclared symbol 'out_valid', assumed default net type 'wire'("C:\Users\Asus\Desktop\rubbish\src\chorus.v":49)
WARN  (EX3801) : Parameter 'waddr' becomes localparam in 'chorus' with formal parameter declaration list("C:\Users\Asus\Desktop\rubbish\src\chorus.v":19)
Analyzing Verilog file 'C:\Users\Asus\Desktop\rubbish\src\coeffs.v'
Analyzing Verilog file 'C:\Users\Asus\Desktop\rubbish\src\compressor.v'
WARN  (EX3628) : Redeclaration of ANSI port 'audio_out' is not allowed("C:\Users\Asus\Desktop\rubbish\src\compressor.v":32)
Analyzing Verilog file 'C:\Users\Asus\Desktop\rubbish\src\compute.v'
Analyzing Verilog file 'C:\Users\Asus\Desktop\rubbish\src\counter.v'
Analyzing Verilog file 'C:\Users\Asus\Desktop\rubbish\src\data_rx.v'
Analyzing Verilog file 'C:\Users\Asus\Desktop\rubbish\src\dds\dds.v'
Analyzing Verilog file 'C:\Users\Asus\Desktop\rubbish\src\dds_phaser\dds\dds_p.v'
Analyzing Verilog file 'C:\Users\Asus\Desktop\rubbish\src\delay.v'
Analyzing Verilog file 'C:\Users\Asus\Desktop\rubbish\src\delay_changable.v'
Analyzing Verilog file 'C:\Users\Asus\Desktop\rubbish\src\delay_pipeline.v'
Analyzing Verilog file 'C:\Users\Asus\Desktop\rubbish\src\distortion.v'
Analyzing Verilog file 'C:\Users\Asus\Desktop\rubbish\src\echo.v'
Analyzing Verilog file 'C:\Users\Asus\Desktop\rubbish\src\eq_crtl.v'
WARN  (EX3628) : Redeclaration of ANSI port 'in_ready' is not allowed("C:\Users\Asus\Desktop\rubbish\src\eq_crtl.v":19)
Analyzing Verilog file 'C:\Users\Asus\Desktop\rubbish\src\equalizer\equalizer.v'
Analyzing Verilog file 'C:\Users\Asus\Desktop\rubbish\src\fifo\async_fifo.v'
Analyzing Verilog file 'C:\Users\Asus\Desktop\rubbish\src\fifo\async_fifo_ctrl.v'
Analyzing Verilog file 'C:\Users\Asus\Desktop\rubbish\src\fifo\dpram.v'
Analyzing Verilog file 'C:\Users\Asus\Desktop\rubbish\src\fifo_top\delay_0.v'
Analyzing Verilog file 'C:\Users\Asus\Desktop\rubbish\src\fifo_top\fifo_top.v'
Analyzing Verilog file 'C:\Users\Asus\Desktop\rubbish\src\filter.v'
Analyzing Verilog file 'C:\Users\Asus\Desktop\rubbish\src\gains.v'
Analyzing Verilog file 'C:\Users\Asus\Desktop\rubbish\src\gowin_pll\gowin_pll.v'
Analyzing Verilog file 'C:\Users\Asus\Desktop\rubbish\src\i2s\i2s_rx.v'
Undeclared symbol 'adcfifo_full', assumed default net type 'wire'("C:\Users\Asus\Desktop\rubbish\src\i2s\i2s_rx.v":129)
WARN  (EX3801) : Parameter 'state_idle' becomes localparam in 'i2s_rx' with formal parameter declaration list("C:\Users\Asus\Desktop\rubbish\src\i2s\i2s_rx.v":16)
WARN  (EX3801) : Parameter 'state_left_data' becomes localparam in 'i2s_rx' with formal parameter declaration list("C:\Users\Asus\Desktop\rubbish\src\i2s\i2s_rx.v":17)
WARN  (EX3801) : Parameter 'state_right_data' becomes localparam in 'i2s_rx' with formal parameter declaration list("C:\Users\Asus\Desktop\rubbish\src\i2s\i2s_rx.v":18)
WARN  (EX3801) : Parameter 'state_fifo_write' becomes localparam in 'i2s_rx' with formal parameter declaration list("C:\Users\Asus\Desktop\rubbish\src\i2s\i2s_rx.v":19)
Analyzing Verilog file 'C:\Users\Asus\Desktop\rubbish\src\i2s\i2s_tx.v'
WARN  (EX3801) : Parameter 'state_idle' becomes localparam in 'i2s_tx' with formal parameter declaration list("C:\Users\Asus\Desktop\rubbish\src\i2s\i2s_tx.v":17)
WARN  (EX3801) : Parameter 'state_tx_left_data' becomes localparam in 'i2s_tx' with formal parameter declaration list("C:\Users\Asus\Desktop\rubbish\src\i2s\i2s_tx.v":18)
WARN  (EX3801) : Parameter 'state_tx_right_data' becomes localparam in 'i2s_tx' with formal parameter declaration list("C:\Users\Asus\Desktop\rubbish\src\i2s\i2s_tx.v":19)
Analyzing Verilog file 'C:\Users\Asus\Desktop\rubbish\src\lfsr_generator.v'
Analyzing Verilog file 'C:\Users\Asus\Desktop\rubbish\src\lms.v'
Analyzing Verilog file 'C:\Users\Asus\Desktop\rubbish\src\lms16_order.v'
Analyzing Verilog file 'C:\Users\Asus\Desktop\rubbish\src\lms_top.v'
WARN  (EX3628) : Redeclaration of ANSI port 'audio_in' is not allowed("C:\Users\Asus\Desktop\rubbish\src\lms_top.v":9)
Undeclared symbol 'wout_0', assumed default net type 'wire'("C:\Users\Asus\Desktop\rubbish\src\lms_top.v":20)
Undeclared symbol 'update', assumed default net type 'wire'("C:\Users\Asus\Desktop\rubbish\src\lms_top.v":21)
Undeclared symbol 'random_bits', assumed default net type 'wire'("C:\Users\Asus\Desktop\rubbish\src\lms_top.v":28)
Analyzing Verilog file 'C:\Users\Asus\Desktop\rubbish\src\low_pass.v'
Analyzing Verilog file 'C:\Users\Asus\Desktop\rubbish\src\mult16.v'
Analyzing Verilog file 'C:\Users\Asus\Desktop\rubbish\src\noise_audio.v'
Analyzing Verilog file 'C:\Users\Asus\Desktop\rubbish\src\phaser.v'
Analyzing Verilog file 'C:\Users\Asus\Desktop\rubbish\src\remote_filter.v'
Undeclared symbol 'current_count', assumed default net type 'wire'("C:\Users\Asus\Desktop\rubbish\src\remote_filter.v":29)
Undeclared symbol 'phase_min', assumed default net type 'wire'("C:\Users\Asus\Desktop\rubbish\src\remote_filter.v":30)
Analyzing Verilog file 'C:\Users\Asus\Desktop\rubbish\src\reverb.v'
Analyzing Verilog file 'C:\Users\Asus\Desktop\rubbish\src\sample_filter.v'
Undeclared symbol 'coeff1', assumed default net type 'wire'("C:\Users\Asus\Desktop\rubbish\src\sample_filter.v":26)
Undeclared symbol 'coeff2', assumed default net type 'wire'("C:\Users\Asus\Desktop\rubbish\src\sample_filter.v":27)
Undeclared symbol 'coeff3', assumed default net type 'wire'("C:\Users\Asus\Desktop\rubbish\src\sample_filter.v":28)
Undeclared symbol 'coeff4', assumed default net type 'wire'("C:\Users\Asus\Desktop\rubbish\src\sample_filter.v":29)
Undeclared symbol 'coeff5', assumed default net type 'wire'("C:\Users\Asus\Desktop\rubbish\src\sample_filter.v":30)
Undeclared symbol 'coeff6', assumed default net type 'wire'("C:\Users\Asus\Desktop\rubbish\src\sample_filter.v":31)
Undeclared symbol 'coeff7', assumed default net type 'wire'("C:\Users\Asus\Desktop\rubbish\src\sample_filter.v":32)
Undeclared symbol 'coeff8', assumed default net type 'wire'("C:\Users\Asus\Desktop\rubbish\src\sample_filter.v":33)
Undeclared symbol 'coeff9', assumed default net type 'wire'("C:\Users\Asus\Desktop\rubbish\src\sample_filter.v":34)
Undeclared symbol 'coeff10', assumed default net type 'wire'("C:\Users\Asus\Desktop\rubbish\src\sample_filter.v":35)
Undeclared symbol 'coeff11', assumed default net type 'wire'("C:\Users\Asus\Desktop\rubbish\src\sample_filter.v":36)
Undeclared symbol 'coeff12', assumed default net type 'wire'("C:\Users\Asus\Desktop\rubbish\src\sample_filter.v":37)
Undeclared symbol 'coeff13', assumed default net type 'wire'("C:\Users\Asus\Desktop\rubbish\src\sample_filter.v":38)
Undeclared symbol 'coeff14', assumed default net type 'wire'("C:\Users\Asus\Desktop\rubbish\src\sample_filter.v":39)
Undeclared symbol 'coeff15', assumed default net type 'wire'("C:\Users\Asus\Desktop\rubbish\src\sample_filter.v":40)
Undeclared symbol 'coeff16', assumed default net type 'wire'("C:\Users\Asus\Desktop\rubbish\src\sample_filter.v":41)
Undeclared symbol 'coeff17', assumed default net type 'wire'("C:\Users\Asus\Desktop\rubbish\src\sample_filter.v":42)
Undeclared symbol 'coeff18', assumed default net type 'wire'("C:\Users\Asus\Desktop\rubbish\src\sample_filter.v":43)
Undeclared symbol 'coeff19', assumed default net type 'wire'("C:\Users\Asus\Desktop\rubbish\src\sample_filter.v":44)
Undeclared symbol 'coeff20', assumed default net type 'wire'("C:\Users\Asus\Desktop\rubbish\src\sample_filter.v":45)
Undeclared symbol 'coeff21', assumed default net type 'wire'("C:\Users\Asus\Desktop\rubbish\src\sample_filter.v":46)
Undeclared symbol 'coeff22', assumed default net type 'wire'("C:\Users\Asus\Desktop\rubbish\src\sample_filter.v":47)
Undeclared symbol 'coeff23', assumed default net type 'wire'("C:\Users\Asus\Desktop\rubbish\src\sample_filter.v":48)
Undeclared symbol 'coeff24', assumed default net type 'wire'("C:\Users\Asus\Desktop\rubbish\src\sample_filter.v":49)
Undeclared symbol 'coeff25', assumed default net type 'wire'("C:\Users\Asus\Desktop\rubbish\src\sample_filter.v":50)
Undeclared symbol 'coeff26', assumed default net type 'wire'("C:\Users\Asus\Desktop\rubbish\src\sample_filter.v":51)
Undeclared symbol 'coeff27', assumed default net type 'wire'("C:\Users\Asus\Desktop\rubbish\src\sample_filter.v":52)
Undeclared symbol 'coeff28', assumed default net type 'wire'("C:\Users\Asus\Desktop\rubbish\src\sample_filter.v":53)
Undeclared symbol 'coeff29', assumed default net type 'wire'("C:\Users\Asus\Desktop\rubbish\src\sample_filter.v":54)
Undeclared symbol 'coeff30', assumed default net type 'wire'("C:\Users\Asus\Desktop\rubbish\src\sample_filter.v":55)
Undeclared symbol 'coeff31', assumed default net type 'wire'("C:\Users\Asus\Desktop\rubbish\src\sample_filter.v":56)
Undeclared symbol 'coeff32', assumed default net type 'wire'("C:\Users\Asus\Desktop\rubbish\src\sample_filter.v":57)
Undeclared symbol 'coeff33', assumed default net type 'wire'("C:\Users\Asus\Desktop\rubbish\src\sample_filter.v":58)
Undeclared symbol 'coeff34', assumed default net type 'wire'("C:\Users\Asus\Desktop\rubbish\src\sample_filter.v":59)
Undeclared symbol 'coeff35', assumed default net type 'wire'("C:\Users\Asus\Desktop\rubbish\src\sample_filter.v":60)
Undeclared symbol 'coeff36', assumed default net type 'wire'("C:\Users\Asus\Desktop\rubbish\src\sample_filter.v":61)
Undeclared symbol 'coeff37', assumed default net type 'wire'("C:\Users\Asus\Desktop\rubbish\src\sample_filter.v":62)
Undeclared symbol 'coeff38', assumed default net type 'wire'("C:\Users\Asus\Desktop\rubbish\src\sample_filter.v":63)
Undeclared symbol 'coeff39', assumed default net type 'wire'("C:\Users\Asus\Desktop\rubbish\src\sample_filter.v":64)
Undeclared symbol 'coeff40', assumed default net type 'wire'("C:\Users\Asus\Desktop\rubbish\src\sample_filter.v":65)
Undeclared symbol 'coeff41', assumed default net type 'wire'("C:\Users\Asus\Desktop\rubbish\src\sample_filter.v":66)
Undeclared symbol 'coeff42', assumed default net type 'wire'("C:\Users\Asus\Desktop\rubbish\src\sample_filter.v":67)
Undeclared symbol 'coeff43', assumed default net type 'wire'("C:\Users\Asus\Desktop\rubbish\src\sample_filter.v":68)
Undeclared symbol 'coeff44', assumed default net type 'wire'("C:\Users\Asus\Desktop\rubbish\src\sample_filter.v":69)
Undeclared symbol 'coeff45', assumed default net type 'wire'("C:\Users\Asus\Desktop\rubbish\src\sample_filter.v":70)
Undeclared symbol 'coeff46', assumed default net type 'wire'("C:\Users\Asus\Desktop\rubbish\src\sample_filter.v":71)
Undeclared symbol 'coeff47', assumed default net type 'wire'("C:\Users\Asus\Desktop\rubbish\src\sample_filter.v":72)
Undeclared symbol 'coeff48', assumed default net type 'wire'("C:\Users\Asus\Desktop\rubbish\src\sample_filter.v":73)
Undeclared symbol 'coeff49', assumed default net type 'wire'("C:\Users\Asus\Desktop\rubbish\src\sample_filter.v":74)
Undeclared symbol 'coeff50', assumed default net type 'wire'("C:\Users\Asus\Desktop\rubbish\src\sample_filter.v":75)
Undeclared symbol 'coeff51', assumed default net type 'wire'("C:\Users\Asus\Desktop\rubbish\src\sample_filter.v":76)
Undeclared symbol 'coeff52', assumed default net type 'wire'("C:\Users\Asus\Desktop\rubbish\src\sample_filter.v":77)
Undeclared symbol 'coeff53', assumed default net type 'wire'("C:\Users\Asus\Desktop\rubbish\src\sample_filter.v":78)
Undeclared symbol 'coeff54', assumed default net type 'wire'("C:\Users\Asus\Desktop\rubbish\src\sample_filter.v":79)
Undeclared symbol 'coeff55', assumed default net type 'wire'("C:\Users\Asus\Desktop\rubbish\src\sample_filter.v":80)
Undeclared symbol 'coeff56', assumed default net type 'wire'("C:\Users\Asus\Desktop\rubbish\src\sample_filter.v":81)
Undeclared symbol 'coeff57', assumed default net type 'wire'("C:\Users\Asus\Desktop\rubbish\src\sample_filter.v":82)
Undeclared symbol 'coeff58', assumed default net type 'wire'("C:\Users\Asus\Desktop\rubbish\src\sample_filter.v":83)
Undeclared symbol 'coeff59', assumed default net type 'wire'("C:\Users\Asus\Desktop\rubbish\src\sample_filter.v":84)
Undeclared symbol 'coeff60', assumed default net type 'wire'("C:\Users\Asus\Desktop\rubbish\src\sample_filter.v":85)
Undeclared symbol 'coeff61', assumed default net type 'wire'("C:\Users\Asus\Desktop\rubbish\src\sample_filter.v":86)
Undeclared symbol 'coeff62', assumed default net type 'wire'("C:\Users\Asus\Desktop\rubbish\src\sample_filter.v":87)
Undeclared symbol 'coeff63', assumed default net type 'wire'("C:\Users\Asus\Desktop\rubbish\src\sample_filter.v":88)
Undeclared symbol 'coeff64', assumed default net type 'wire'("C:\Users\Asus\Desktop\rubbish\src\sample_filter.v":89)
Analyzing Verilog file 'C:\Users\Asus\Desktop\rubbish\src\sample_switch.v'
WARN  (EX3589) : Keyword 'unsigned' is not allowed here in this mode of Verilog("C:\Users\Asus\Desktop\rubbish\src\sample_switch.v":20)
WARN  (EX3589) : Keyword 'unsigned' is not allowed here in this mode of Verilog("C:\Users\Asus\Desktop\rubbish\src\sample_switch.v":25)
WARN  (EX3628) : Redeclaration of ANSI port 'factor_clk' is not allowed("C:\Users\Asus\Desktop\rubbish\src\sample_switch.v":37)
Analyzing Verilog file 'C:\Users\Asus\Desktop\rubbish\src\signed_multiplier.v'
Analyzing Verilog file 'C:\Users\Asus\Desktop\rubbish\src\tap6_rm.v'
Undeclared symbol 'coeff1', assumed default net type 'wire'("C:\Users\Asus\Desktop\rubbish\src\tap6_rm.v":26)
Undeclared symbol 'coeff2', assumed default net type 'wire'("C:\Users\Asus\Desktop\rubbish\src\tap6_rm.v":27)
Undeclared symbol 'coeff3', assumed default net type 'wire'("C:\Users\Asus\Desktop\rubbish\src\tap6_rm.v":28)
Undeclared symbol 'coeff4', assumed default net type 'wire'("C:\Users\Asus\Desktop\rubbish\src\tap6_rm.v":29)
Undeclared symbol 'coeff5', assumed default net type 'wire'("C:\Users\Asus\Desktop\rubbish\src\tap6_rm.v":30)
Undeclared symbol 'coeff6', assumed default net type 'wire'("C:\Users\Asus\Desktop\rubbish\src\tap6_rm.v":31)
Undeclared symbol 'coeff7', assumed default net type 'wire'("C:\Users\Asus\Desktop\rubbish\src\tap6_rm.v":32)
Analyzing Verilog file 'C:\Users\Asus\Desktop\rubbish\src\top\audio_lookback.v'
Undeclared symbol 'eq', assumed default net type 'wire'("C:\Users\Asus\Desktop\rubbish\src\top\audio_lookback.v":31)
Undeclared symbol 'lms_para', assumed default net type 'wire'("C:\Users\Asus\Desktop\rubbish\src\top\audio_lookback.v":32)
Undeclared symbol 'inte_deci', assumed default net type 'wire'("C:\Users\Asus\Desktop\rubbish\src\top\audio_lookback.v":33)
Undeclared symbol 're_fil', assumed default net type 'wire'("C:\Users\Asus\Desktop\rubbish\src\top\audio_lookback.v":34)
WARN  (EX3638) : 'eq' is already implicitly declared on line 31("C:\Users\Asus\Desktop\rubbish\src\top\audio_lookback.v":35)
WARN  (EX3638) : 're_fil' is already implicitly declared on line 34("C:\Users\Asus\Desktop\rubbish\src\top\audio_lookback.v":36)
WARN  (EX3638) : 'inte_deci' is already implicitly declared on line 33("C:\Users\Asus\Desktop\rubbish\src\top\audio_lookback.v":37)
WARN  (EX3638) : 'lms_para' is already implicitly declared on line 32("C:\Users\Asus\Desktop\rubbish\src\top\audio_lookback.v":38)
Undeclared symbol 'standard_clk', assumed default net type 'wire'("C:\Users\Asus\Desktop\rubbish\src\top\audio_lookback.v":46)
WARN  (EX3628) : Redeclaration of ANSI port 'resample_data' is not allowed("C:\Users\Asus\Desktop\rubbish\src\top\audio_lookback.v":60)
WARN  (EX3638) : 'standard_clk' is already implicitly declared on line 46("C:\Users\Asus\Desktop\rubbish\src\top\audio_lookback.v":61)
WARN  (EX3628) : Redeclaration of ANSI port 'dacfifo_write' is not allowed("C:\Users\Asus\Desktop\rubbish\src\top\audio_lookback.v":62)
Analyzing Verilog file 'C:\Users\Asus\Desktop\rubbish\src\uart_cmd.v'
WARN  (EX3801) : Parameter 'DATA_WIDTH' becomes localparam in 'uart_cmd' with formal parameter declaration list("C:\Users\Asus\Desktop\rubbish\src\uart_cmd.v":15)
WARN  (EX3801) : Parameter 'MSB_FIRST' becomes localparam in 'uart_cmd' with formal parameter declaration list("C:\Users\Asus\Desktop\rubbish\src\uart_cmd.v":16)
Analyzing Verilog file 'D:\Gowin\Gowin_V1.9.10.02_x64\IDE\data\ipcores\GAO\GW_AO_0\gw_ao_crc32.v'
Analyzing Verilog file 'D:\Gowin\Gowin_V1.9.10.02_x64\IDE\data\ipcores\GAO\GW_AO_0\gw_ao_match.v'
Analyzing included file 'D:\Gowin\Gowin_V1.9.10.02_x64\IDE\data\ipcores\GAO\GW_AO_0\gw_ao_define.v'("D:\Gowin\Gowin_V1.9.10.02_x64\IDE\data\ipcores\GAO\GW_AO_0\gw_ao_match.v":374)
Back to file 'D:\Gowin\Gowin_V1.9.10.02_x64\IDE\data\ipcores\GAO\GW_AO_0\gw_ao_match.v'("D:\Gowin\Gowin_V1.9.10.02_x64\IDE\data\ipcores\GAO\GW_AO_0\gw_ao_match.v":374)
Analyzing included file 'C:\Users\Asus\Desktop\rubbish\impl\gwsynthesis\RTL_GAO\ao_0\gw_ao_top_define.v'("D:\Gowin\Gowin_V1.9.10.02_x64\IDE\data\ipcores\GAO\GW_AO_0\gw_ao_match.v":374)
Back to file 'D:\Gowin\Gowin_V1.9.10.02_x64\IDE\data\ipcores\GAO\GW_AO_0\gw_ao_match.v'("D:\Gowin\Gowin_V1.9.10.02_x64\IDE\data\ipcores\GAO\GW_AO_0\gw_ao_match.v":374)
Analyzing included file 'C:\Users\Asus\Desktop\rubbish\impl\gwsynthesis\RTL_GAO\ao_0\gw_ao_init.v'("D:\Gowin\Gowin_V1.9.10.02_x64\IDE\data\ipcores\GAO\GW_AO_0\gw_ao_match.v":374)
Back to file 'D:\Gowin\Gowin_V1.9.10.02_x64\IDE\data\ipcores\GAO\GW_AO_0\gw_ao_match.v'("D:\Gowin\Gowin_V1.9.10.02_x64\IDE\data\ipcores\GAO\GW_AO_0\gw_ao_match.v":374)
Analyzing Verilog file 'D:\Gowin\Gowin_V1.9.10.02_x64\IDE\data\ipcores\GAO\GW_AO_0\gw_ao_mem_ctrl.v'
Analyzing included file 'C:\Users\Asus\Desktop\rubbish\impl\gwsynthesis\RTL_GAO\ao_0\gw_ao_top_define.v'("D:\Gowin\Gowin_V1.9.10.02_x64\IDE\data\ipcores\GAO\GW_AO_0\gw_ao_mem_ctrl.v":1256)
Back to file 'D:\Gowin\Gowin_V1.9.10.02_x64\IDE\data\ipcores\GAO\GW_AO_0\gw_ao_mem_ctrl.v'("D:\Gowin\Gowin_V1.9.10.02_x64\IDE\data\ipcores\GAO\GW_AO_0\gw_ao_mem_ctrl.v":1256)
Analyzing Verilog file 'D:\Gowin\Gowin_V1.9.10.02_x64\IDE\data\ipcores\GAO\GW_AO_0\gw_ao_top.v'
Analyzing included file 'D:\Gowin\Gowin_V1.9.10.02_x64\IDE\data\ipcores\GAO\GW_AO_0\gw_ao_define.v'("D:\Gowin\Gowin_V1.9.10.02_x64\IDE\data\ipcores\GAO\GW_AO_0\gw_ao_top.v":3042)
Back to file 'D:\Gowin\Gowin_V1.9.10.02_x64\IDE\data\ipcores\GAO\GW_AO_0\gw_ao_top.v'("D:\Gowin\Gowin_V1.9.10.02_x64\IDE\data\ipcores\GAO\GW_AO_0\gw_ao_top.v":3042)
Analyzing included file 'C:\Users\Asus\Desktop\rubbish\impl\gwsynthesis\RTL_GAO\ao_0\gw_ao_top_define.v'("D:\Gowin\Gowin_V1.9.10.02_x64\IDE\data\ipcores\GAO\GW_AO_0\gw_ao_top.v":3042)
Back to file 'D:\Gowin\Gowin_V1.9.10.02_x64\IDE\data\ipcores\GAO\GW_AO_0\gw_ao_top.v'("D:\Gowin\Gowin_V1.9.10.02_x64\IDE\data\ipcores\GAO\GW_AO_0\gw_ao_top.v":3042)
Analyzing included file 'C:\Users\Asus\Desktop\rubbish\impl\gwsynthesis\RTL_GAO\ao_0\gw_ao_expression.v'("D:\Gowin\Gowin_V1.9.10.02_x64\IDE\data\ipcores\GAO\GW_AO_0\gw_ao_top.v":3042)
Back to file 'D:\Gowin\Gowin_V1.9.10.02_x64\IDE\data\ipcores\GAO\GW_AO_0\gw_ao_top.v'("D:\Gowin\Gowin_V1.9.10.02_x64\IDE\data\ipcores\GAO\GW_AO_0\gw_ao_top.v":3042)
Analyzing included file 'C:\Users\Asus\Desktop\rubbish\impl\gwsynthesis\RTL_GAO\ao_0\gw_ao_parameter.v'("D:\Gowin\Gowin_V1.9.10.02_x64\IDE\data\ipcores\GAO\GW_AO_0\gw_ao_top.v":3042)
Back to file 'D:\Gowin\Gowin_V1.9.10.02_x64\IDE\data\ipcores\GAO\GW_AO_0\gw_ao_top.v'("D:\Gowin\Gowin_V1.9.10.02_x64\IDE\data\ipcores\GAO\GW_AO_0\gw_ao_top.v":3042)
Analyzing included file 'C:\Users\Asus\Desktop\rubbish\impl\gwsynthesis\RTL_GAO\ao_0\gw_ao_init.v'("D:\Gowin\Gowin_V1.9.10.02_x64\IDE\data\ipcores\GAO\GW_AO_0\gw_ao_top.v":3042)
Back to file 'D:\Gowin\Gowin_V1.9.10.02_x64\IDE\data\ipcores\GAO\GW_AO_0\gw_ao_top.v'("D:\Gowin\Gowin_V1.9.10.02_x64\IDE\data\ipcores\GAO\GW_AO_0\gw_ao_top.v":3042)
Analyzing Verilog file 'D:\Gowin\Gowin_V1.9.10.02_x64\IDE\data\ipcores\GAO\GW_CON\gw_con_top.v'
Analyzing included file 'C:\Users\Asus\Desktop\rubbish\impl\gwsynthesis\RTL_GAO\ao_control\gw_con_top_define.v'("D:\Gowin\Gowin_V1.9.10.02_x64\IDE\data\ipcores\GAO\GW_CON\gw_con_top.v":377)
Back to file 'D:\Gowin\Gowin_V1.9.10.02_x64\IDE\data\ipcores\GAO\GW_CON\gw_con_top.v'("D:\Gowin\Gowin_V1.9.10.02_x64\IDE\data\ipcores\GAO\GW_CON\gw_con_top.v":377)
Analyzing included file 'C:\Users\Asus\Desktop\rubbish\impl\gwsynthesis\RTL_GAO\ao_control\gw_con_parameter.v'("D:\Gowin\Gowin_V1.9.10.02_x64\IDE\data\ipcores\GAO\GW_CON\gw_con_top.v":377)
Back to file 'D:\Gowin\Gowin_V1.9.10.02_x64\IDE\data\ipcores\GAO\GW_CON\gw_con_top.v'("D:\Gowin\Gowin_V1.9.10.02_x64\IDE\data\ipcores\GAO\GW_CON\gw_con_top.v":377)
Analyzing Verilog file 'D:\Gowin\Gowin_V1.9.10.02_x64\IDE\data\ipcores\gw_jtag.v'
Analyzing Verilog file 'C:\Users\Asus\Desktop\rubbish\impl\gwsynthesis\RTL_GAO\gw_gao_top.v'
WARN  (EX3073) : Port 'in_ready' remains unconnected for this instance("C:\Users\Asus\Desktop\rubbish\src\top\audio_lookback.v":278)
WARN  (EX3073) : Port 'in_ready' remains unconnected for this instance("C:\Users\Asus\Desktop\rubbish\src\top\audio_lookback.v":286)
Compiling module 'audio_loopback'("C:\Users\Asus\Desktop\rubbish\src\top\audio_lookback.v":1)
Compiling module 'Gowin_PLL'("C:\Users\Asus\Desktop\rubbish\src\gowin_pll\gowin_pll.v":10)
Compiling module 'WM8960_Init'("C:\Users\Asus\Desktop\rubbish\src\WM8960_Init\WM8960_Init.v":17)
Compiling module 'I2C_Init_Dev'("C:\Users\Asus\Desktop\rubbish\src\WM8960_Init\I2C_Init_Dev.v":16)
Compiling module 'wm8960_init_table'("C:\Users\Asus\Desktop\rubbish\src\WM8960_Init\wm8960_init_table.v":16)
WARN  (EX1998) : Net 'rom[255][15]' does not have a driver("C:\Users\Asus\Desktop\rubbish\src\WM8960_Init\wm8960_init_table.v":26)
Compiling module 'i2c_control'("C:\Users\Asus\Desktop\rubbish\src\WM8960_Init\i2c_control.v":16)
Compiling module 'i2c_bit_shift'("C:\Users\Asus\Desktop\rubbish\src\WM8960_Init\i2c_bit_shift.v":16)
WARN  (EX3670) : Actual bit length 32 differs from formal bit length 1 for port 'rdreg_req'("C:\Users\Asus\Desktop\rubbish\src\WM8960_Init\I2C_Init_Dev.v":124)
WARN  (EX3670) : Actual bit length 32 differs from formal bit length 1 for port 'addr_mode'("C:\Users\Asus\Desktop\rubbish\src\WM8960_Init\I2C_Init_Dev.v":126)
Compiling module 'compressor'("C:\Users\Asus\Desktop\rubbish\src\compressor.v":1)
Compiling module 'gains'("C:\Users\Asus\Desktop\rubbish\src\gains.v":2)
WARN  (EX3791) : Expression size 32 truncated to fit in target size 16("C:\Users\Asus\Desktop\rubbish\src\compressor.v":70)
WARN  (EX3791) : Expression size 32 truncated to fit in target size 16("C:\Users\Asus\Desktop\rubbish\src\compressor.v":71)
WARN  (EX3791) : Expression size 17 truncated to fit in target size 16("C:\Users\Asus\Desktop\rubbish\src\compressor.v":76)
WARN  (EX3791) : Expression size 32 truncated to fit in target size 16("C:\Users\Asus\Desktop\rubbish\src\compressor.v":79)
WARN  (EX3791) : Expression size 32 truncated to fit in target size 16("C:\Users\Asus\Desktop\rubbish\src\compressor.v":80)
WARN  (EX3670) : Actual bit length 4 differs from formal bit length 1 for port 'en'("C:\Users\Asus\Desktop\rubbish\src\top\audio_lookback.v":126)
WARN  (EX3670) : Actual bit length 4 differs from formal bit length 3 for port 'thre_para'("C:\Users\Asus\Desktop\rubbish\src\top\audio_lookback.v":127)
WARN  (EX3670) : Actual bit length 4 differs from formal bit length 1 for port 'en'("C:\Users\Asus\Desktop\rubbish\src\top\audio_lookback.v":134)
WARN  (EX3670) : Actual bit length 4 differs from formal bit length 3 for port 'thre_para'("C:\Users\Asus\Desktop\rubbish\src\top\audio_lookback.v":135)
Compiling module 'distortion'("C:\Users\Asus\Desktop\rubbish\src\distortion.v":1)
Extracting RAM for identifier 'distortion_lut'("C:\Users\Asus\Desktop\rubbish\src\distortion.v":10)
WARN  (EX3670) : Actual bit length 4 differs from formal bit length 1 for port 'en'("C:\Users\Asus\Desktop\rubbish\src\top\audio_lookback.v":144)
WARN  (EX3670) : Actual bit length 4 differs from formal bit length 1 for port 'en'("C:\Users\Asus\Desktop\rubbish\src\top\audio_lookback.v":152)
Compiling module 'echo'("C:\Users\Asus\Desktop\rubbish\src\echo.v":1)
Compiling module 'delay'("C:\Users\Asus\Desktop\rubbish\src\delay.v":1)
Compiling module 'fifo_4096'("C:\Users\Asus\Desktop\rubbish\src\fifo_top\fifo_top.v":1012)
Compiling module '**'("C:\Users\Asus\Desktop\rubbish\src\fifo_top\fifo_top.v":1011)
WARN  (EX3670) : Actual bit length 13 differs from formal bit length 12 for port 'AlmostFullTh'("C:\Users\Asus\Desktop\rubbish\src\delay.v":41)
WARN  (EX3670) : Actual bit length 12 differs from formal bit length 13 for port 'delay_num'("C:\Users\Asus\Desktop\rubbish\src\echo.v":49)
Compiling module 'adder'("C:\Users\Asus\Desktop\rubbish\src\adder.v":1)
WARN  (EX3670) : Actual bit length 17 differs from formal bit length 16 for port 'sum'("C:\Users\Asus\Desktop\rubbish\src\echo.v":69)
WARN  (EX3791) : Expression size 17 truncated to fit in target size 16("C:\Users\Asus\Desktop\rubbish\src\echo.v":78)
WARN  (EX3670) : Actual bit length 4 differs from formal bit length 1 for port 'en'("C:\Users\Asus\Desktop\rubbish\src\top\audio_lookback.v":165)
WARN  (EX3670) : Actual bit length 4 differs from formal bit length 3 for port 'gain_para'("C:\Users\Asus\Desktop\rubbish\src\top\audio_lookback.v":168)
WARN  (EX3670) : Actual bit length 4 differs from formal bit length 3 for port 'delay_para'("C:\Users\Asus\Desktop\rubbish\src\top\audio_lookback.v":169)
WARN  (EX3670) : Actual bit length 4 differs from formal bit length 1 for port 'en'("C:\Users\Asus\Desktop\rubbish\src\top\audio_lookback.v":179)
WARN  (EX3670) : Actual bit length 4 differs from formal bit length 3 for port 'gain_para'("C:\Users\Asus\Desktop\rubbish\src\top\audio_lookback.v":182)
WARN  (EX3670) : Actual bit length 4 differs from formal bit length 3 for port 'delay_para'("C:\Users\Asus\Desktop\rubbish\src\top\audio_lookback.v":183)
Compiling module 'reverb'("C:\Users\Asus\Desktop\rubbish\src\reverb.v":1)
WARN  (EX3670) : Actual bit length 12 differs from formal bit length 13 for port 'delay_num'("C:\Users\Asus\Desktop\rubbish\src\reverb.v":50)
WARN  (EX3670) : Actual bit length 17 differs from formal bit length 16 for port 'integer_input'("C:\Users\Asus\Desktop\rubbish\src\reverb.v":59)
WARN  (EX3670) : Actual bit length 17 differs from formal bit length 16 for port 'sum'("C:\Users\Asus\Desktop\rubbish\src\reverb.v":70)
Compiling module 'filter_lowpass'("C:\Users\Asus\Desktop\rubbish\src\low_pass.v":3)
WARN  (EX3670) : Actual bit length 17 differs from formal bit length 16 for port 'filter_in'("C:\Users\Asus\Desktop\rubbish\src\reverb.v":78)
WARN  (EX3670) : Actual bit length 17 differs from formal bit length 16 for port 'filter_out'("C:\Users\Asus\Desktop\rubbish\src\reverb.v":79)
WARN  (EX3791) : Expression size 17 truncated to fit in target size 16("C:\Users\Asus\Desktop\rubbish\src\reverb.v":87)
WARN  (EX3670) : Actual bit length 4 differs from formal bit length 1 for port 'en'("C:\Users\Asus\Desktop\rubbish\src\top\audio_lookback.v":193)
WARN  (EX3670) : Actual bit length 4 differs from formal bit length 3 for port 'gain_para'("C:\Users\Asus\Desktop\rubbish\src\top\audio_lookback.v":196)
WARN  (EX3670) : Actual bit length 4 differs from formal bit length 3 for port 'delay_para'("C:\Users\Asus\Desktop\rubbish\src\top\audio_lookback.v":197)
WARN  (EX3670) : Actual bit length 4 differs from formal bit length 1 for port 'en'("C:\Users\Asus\Desktop\rubbish\src\top\audio_lookback.v":208)
WARN  (EX3670) : Actual bit length 4 differs from formal bit length 3 for port 'gain_para'("C:\Users\Asus\Desktop\rubbish\src\top\audio_lookback.v":211)
WARN  (EX3670) : Actual bit length 4 differs from formal bit length 3 for port 'delay_para'("C:\Users\Asus\Desktop\rubbish\src\top\audio_lookback.v":212)
Compiling module 'chorus'("C:\Users\Asus\Desktop\rubbish\src\chorus.v":1)
Compiling module 'delay_changable'("C:\Users\Asus\Desktop\rubbish\src\delay_changable.v":1)
Extracting RAM for identifier 'mem'("C:\Users\Asus\Desktop\rubbish\src\delay_changable.v":21)
Compiling module 'DDS_Top'("C:\Users\Asus\Desktop\rubbish\src\dds\dds.v":878)
Compiling module '**'("C:\Users\Asus\Desktop\rubbish\src\dds\dds.v":877)
WARN  (EX3670) : Actual bit length 8 differs from formal bit length 16 for port 'waddr'("C:\Users\Asus\Desktop\rubbish\src\chorus.v":46)
WARN  (EX3670) : Actual bit length 9 differs from formal bit length 32 for port 'wdata'("C:\Users\Asus\Desktop\rubbish\src\chorus.v":47)
WARN  (EX3670) : Actual bit length 17 differs from formal bit length 16 for port 'sum'("C:\Users\Asus\Desktop\rubbish\src\chorus.v":67)
WARN  (EX3791) : Expression size 17 truncated to fit in target size 16("C:\Users\Asus\Desktop\rubbish\src\chorus.v":97)
WARN  (EX3670) : Actual bit length 4 differs from formal bit length 1 for port 'en'("C:\Users\Asus\Desktop\rubbish\src\top\audio_lookback.v":222)
WARN  (EX3670) : Actual bit length 4 differs from formal bit length 3 for port 'freq_para'("C:\Users\Asus\Desktop\rubbish\src\top\audio_lookback.v":223)
WARN  (EX3670) : Actual bit length 4 differs from formal bit length 3 for port 'gain_para'("C:\Users\Asus\Desktop\rubbish\src\top\audio_lookback.v":224)
WARN  (EX3670) : Actual bit length 4 differs from formal bit length 1 for port 'en'("C:\Users\Asus\Desktop\rubbish\src\top\audio_lookback.v":237)
WARN  (EX3670) : Actual bit length 4 differs from formal bit length 3 for port 'freq_para'("C:\Users\Asus\Desktop\rubbish\src\top\audio_lookback.v":238)
WARN  (EX3670) : Actual bit length 4 differs from formal bit length 3 for port 'gain_para'("C:\Users\Asus\Desktop\rubbish\src\top\audio_lookback.v":239)
Compiling module 'phaser'("C:\Users\Asus\Desktop\rubbish\src\phaser.v":1)
WARN  (EX3791) : Expression size 17 truncated to fit in target size 16("C:\Users\Asus\Desktop\rubbish\src\phaser.v":69)
Compiling module 'DDS_p'("C:\Users\Asus\Desktop\rubbish\src\dds_phaser\dds\dds_p.v":633)
Compiling module '**'("C:\Users\Asus\Desktop\rubbish\src\dds_phaser\dds\dds_p.v":632)
WARN  (EX3670) : Actual bit length 9 differs from formal bit length 32 for port 'wdata'("C:\Users\Asus\Desktop\rubbish\src\phaser.v":78)
Compiling module 'allpass_filter'("C:\Users\Asus\Desktop\rubbish\src\allpass_fiter.v":1)
WARN  (EX3670) : Actual bit length 4 differs from formal bit length 1 for port 'en'("C:\Users\Asus\Desktop\rubbish\src\top\audio_lookback.v":251)
WARN  (EX3670) : Actual bit length 4 differs from formal bit length 3 for port 'freq_para'("C:\Users\Asus\Desktop\rubbish\src\top\audio_lookback.v":252)
WARN  (EX3670) : Actual bit length 4 differs from formal bit length 3 for port 'gain_para'("C:\Users\Asus\Desktop\rubbish\src\top\audio_lookback.v":253)
WARN  (EX3670) : Actual bit length 4 differs from formal bit length 1 for port 'en'("C:\Users\Asus\Desktop\rubbish\src\top\audio_lookback.v":263)
WARN  (EX3670) : Actual bit length 4 differs from formal bit length 3 for port 'freq_para'("C:\Users\Asus\Desktop\rubbish\src\top\audio_lookback.v":264)
WARN  (EX3670) : Actual bit length 4 differs from formal bit length 3 for port 'gain_para'("C:\Users\Asus\Desktop\rubbish\src\top\audio_lookback.v":265)
Compiling module 'eq_crtl'("C:\Users\Asus\Desktop\rubbish\src\eq_crtl.v":1)
WARN  (EX3791) : Expression size 5 truncated to fit in target size 4("C:\Users\Asus\Desktop\rubbish\src\eq_crtl.v":70)
Compiling module 'Equalizer_Top'("C:\Users\Asus\Desktop\rubbish\src\equalizer\equalizer.v":11723)
Compiling module '**'("C:\Users\Asus\Desktop\rubbish\src\equalizer\equalizer.v":11722)
WARN  (EX3670) : Actual bit length 4 differs from formal bit length 3 for port 'gain'("C:\Users\Asus\Desktop\rubbish\src\eq_crtl.v":100)
WARN  (EX3670) : Actual bit length 4 differs from formal bit length 1 for port 'en'("C:\Users\Asus\Desktop\rubbish\src\top\audio_lookback.v":273)
WARN  (EX3670) : Actual bit length 4 differs from formal bit length 1 for port 'en'("C:\Users\Asus\Desktop\rubbish\src\top\audio_lookback.v":281)
Compiling module 'uart_cmd'("C:\Users\Asus\Desktop\rubbish\src\uart_cmd.v":1)
Compiling module 'uart_data_rx(DATA_WIDTH=256)'("C:\Users\Asus\Desktop\rubbish\src\data_rx.v":41)
Compiling module 'uart_byte_rx'("C:\Users\Asus\Desktop\rubbish\src\byte_rx.v":20)
Compiling module 'tap_6_rm'("C:\Users\Asus\Desktop\rubbish\src\tap6_rm.v":1)
WARN  (EX3791) : Expression size 16 truncated to fit in target size 1("C:\Users\Asus\Desktop\rubbish\src\tap6_rm.v":26)
WARN  (EX3791) : Expression size 16 truncated to fit in target size 1("C:\Users\Asus\Desktop\rubbish\src\tap6_rm.v":27)
WARN  (EX3791) : Expression size 16 truncated to fit in target size 1("C:\Users\Asus\Desktop\rubbish\src\tap6_rm.v":28)
WARN  (EX3791) : Expression size 16 truncated to fit in target size 1("C:\Users\Asus\Desktop\rubbish\src\tap6_rm.v":29)
WARN  (EX3791) : Expression size 16 truncated to fit in target size 1("C:\Users\Asus\Desktop\rubbish\src\tap6_rm.v":30)
WARN  (EX3791) : Expression size 16 truncated to fit in target size 1("C:\Users\Asus\Desktop\rubbish\src\tap6_rm.v":31)
WARN  (EX3791) : Expression size 16 truncated to fit in target size 1("C:\Users\Asus\Desktop\rubbish\src\tap6_rm.v":32)
WARN  (EX3670) : Actual bit length 4 differs from formal bit length 1 for port 'clk_enable'("C:\Users\Asus\Desktop\rubbish\src\top\audio_lookback.v":317)
WARN  (EX3670) : Actual bit length 4 differs from formal bit length 1 for port 'en'("C:\Users\Asus\Desktop\rubbish\src\top\audio_lookback.v":320)
WARN  (EX3670) : Actual bit length 4 differs from formal bit length 1 for port 'clk_enable'("C:\Users\Asus\Desktop\rubbish\src\top\audio_lookback.v":327)
WARN  (EX3670) : Actual bit length 4 differs from formal bit length 1 for port 'en'("C:\Users\Asus\Desktop\rubbish\src\top\audio_lookback.v":330)
Compiling module 'sample_switch'("C:\Users\Asus\Desktop\rubbish\src\sample_switch.v":1)
WARN  (EX3780) : Using initial value of 'zero_sample' since it is never assigned("C:\Users\Asus\Desktop\rubbish\src\sample_switch.v":38)
Extracting RAM for identifier 'coeffs'("C:\Users\Asus\Desktop\rubbish\src\sample_switch.v":41)
WARN  (EX3791) : Expression size 4 truncated to fit in target size 3("C:\Users\Asus\Desktop\rubbish\src\sample_switch.v":26)
WARN  (EX3791) : Expression size 32 truncated to fit in target size 11("C:\Users\Asus\Desktop\rubbish\src\sample_switch.v":47)
WARN  (EX3791) : Expression size 12 truncated to fit in target size 11("C:\Users\Asus\Desktop\rubbish\src\sample_switch.v":52)
WARN  (EX3791) : Expression size 12 truncated to fit in target size 11("C:\Users\Asus\Desktop\rubbish\src\sample_switch.v":66)
WARN  (EX3791) : Expression size 12 truncated to fit in target size 11("C:\Users\Asus\Desktop\rubbish\src\sample_switch.v":80)
Compiling module 'counter'("C:\Users\Asus\Desktop\rubbish\src\counter.v":1)
WARN  (EX3791) : Expression size 7 truncated to fit in target size 6("C:\Users\Asus\Desktop\rubbish\src\counter.v":23)
Compiling module 'filter'("C:\Users\Asus\Desktop\rubbish\src\filter.v":2)
Compiling module 'coeffs'("C:\Users\Asus\Desktop\rubbish\src\coeffs.v":1)
Compiling module 'delay_pipeline'("C:\Users\Asus\Desktop\rubbish\src\delay_pipeline.v":1)
Compiling module 'compute'("C:\Users\Asus\Desktop\rubbish\src\compute.v":1)
WARN  (EX3670) : Actual bit length 4 differs from formal bit length 1 for port 'clk_enable'("C:\Users\Asus\Desktop\rubbish\src\top\audio_lookback.v":338)
WARN  (EX3670) : Actual bit length 4 differs from formal bit length 3 for port 'inte_deci_num'("C:\Users\Asus\Desktop\rubbish\src\top\audio_lookback.v":340)
Compiling module 'i2s_rx'("C:\Users\Asus\Desktop\rubbish\src\i2s\i2s_rx.v":1)
Compiling module 'async_fifo(DATA_WIDTH=32,ADDR_WIDTH=8)'("C:\Users\Asus\Desktop\rubbish\src\fifo\async_fifo.v":1)
Compiling module 'async_fifo_ctrl(DATA_WIDTH=32,ADDR_WIDTH=8)'("C:\Users\Asus\Desktop\rubbish\src\fifo\async_fifo_ctrl.v":1)
Compiling module 'dpram(DATA_WIDTH=32,ADDR_WIDTH=8)'("C:\Users\Asus\Desktop\rubbish\src\fifo\dpram.v":1)
Extracting RAM for identifier 'ram'("C:\Users\Asus\Desktop\rubbish\src\fifo\dpram.v":23)
Compiling module 'i2s_tx'("C:\Users\Asus\Desktop\rubbish\src\i2s\i2s_tx.v":1)
Compiling module 'gw_gao'("C:\Users\Asus\Desktop\rubbish\impl\gwsynthesis\RTL_GAO\gw_gao_top.v":1)
Compiling module 'GW_JTAG'("D:\Gowin\Gowin_V1.9.10.02_x64\IDE\data\ipcores\gw_jtag.v":1)
Compiling module '**'("D:\Gowin\Gowin_V1.9.10.02_x64\IDE\data\ipcores\GAO\GW_CON\gw_con_top.v":377)
Compiling module '**'("D:\Gowin\Gowin_V1.9.10.02_x64\IDE\data\ipcores\GAO\GW_AO_0\gw_ao_top.v":3042)
Compiling module '**'("D:\Gowin\Gowin_V1.9.10.02_x64\IDE\data\ipcores\GAO\GW_AO_0\gw_ao_mem_ctrl.v":1256)
Extracting RAM for identifier '**'("D:\Gowin\Gowin_V1.9.10.02_x64\IDE\data\ipcores\GAO\GW_AO_0\gw_ao_mem_ctrl.v":1256)
Compiling module '**'("D:\Gowin\Gowin_V1.9.10.02_x64\IDE\data\ipcores\GAO\GW_AO_0\gw_ao_crc32.v":74)
Compiling module '**'("D:\Gowin\Gowin_V1.9.10.02_x64\IDE\data\ipcores\GAO\GW_AO_0\gw_ao_match.v":374)
Trying to combine GAO to RTL design
NOTE  (EX0101) : Current top module is "audio_loopback"
[5%] Running netlist conversion ...
Running device independent optimization ...
[10%] Optimizing Phase 0 completed
[15%] Optimizing Phase 1 completed
[25%] Optimizing Phase 2 completed
Running inference ...
[30%] Inferring Phase 0 completed
[40%] Inferring Phase 1 completed
[50%] Inferring Phase 2 completed
[55%] Inferring Phase 3 completed
Running technical mapping ...
[60%] Tech-Mapping Phase 0 completed
[65%] Tech-Mapping Phase 1 completed
[75%] Tech-Mapping Phase 2 completed
[80%] Tech-Mapping Phase 3 completed
[90%] Tech-Mapping Phase 4 completed
[95%] Generate netlist file "C:\Users\Asus\Desktop\rubbish\impl\gwsynthesis\audio_loopback.vg" completed
[100%] Generate report file "C:\Users\Asus\Desktop\rubbish\impl\gwsynthesis\audio_loopback_syn.rpt.html" completed
GowinSynthesis finish
