GowinSynthesis start
Running parser ...
Analyzing Verilog file 'C:\Users\Asus\Desktop\git_file\gowin_fpga\distortion\src\WM8960_Init\I2C_Init_Dev.v'
Analyzing Verilog file 'C:\Users\Asus\Desktop\git_file\gowin_fpga\distortion\src\WM8960_Init\WM8960_Init.v'
Analyzing Verilog file 'C:\Users\Asus\Desktop\git_file\gowin_fpga\distortion\src\WM8960_Init\i2c_bit_shift.v'
Analyzing Verilog file 'C:\Users\Asus\Desktop\git_file\gowin_fpga\distortion\src\WM8960_Init\i2c_control.v'
Analyzing Verilog file 'C:\Users\Asus\Desktop\git_file\gowin_fpga\distortion\src\WM8960_Init\wm8960_init_table.v'
Analyzing Verilog file 'C:\Users\Asus\Desktop\git_file\gowin_fpga\distortion\src\distortion.v'
Analyzing Verilog file 'C:\Users\Asus\Desktop\git_file\gowin_fpga\distortion\src\fifo\async_fifo.v'
Analyzing Verilog file 'C:\Users\Asus\Desktop\git_file\gowin_fpga\distortion\src\fifo\async_fifo_ctrl.v'
Analyzing Verilog file 'C:\Users\Asus\Desktop\git_file\gowin_fpga\distortion\src\fifo\dpram.v'
Analyzing Verilog file 'C:\Users\Asus\Desktop\git_file\gowin_fpga\distortion\src\gowin_pll\gowin_pll.v'
Analyzing Verilog file 'C:\Users\Asus\Desktop\git_file\gowin_fpga\distortion\src\i2s\i2s_rx.v'
Undeclared symbol 'adcfifo_full', assumed default net type 'wire'("C:\Users\Asus\Desktop\git_file\gowin_fpga\distortion\src\i2s\i2s_rx.v":129)
WARN  (EX3801) : Parameter 'state_idle' becomes localparam in 'i2s_rx' with formal parameter declaration list("C:\Users\Asus\Desktop\git_file\gowin_fpga\distortion\src\i2s\i2s_rx.v":16)
WARN  (EX3801) : Parameter 'state_left_data' becomes localparam in 'i2s_rx' with formal parameter declaration list("C:\Users\Asus\Desktop\git_file\gowin_fpga\distortion\src\i2s\i2s_rx.v":17)
WARN  (EX3801) : Parameter 'state_right_data' becomes localparam in 'i2s_rx' with formal parameter declaration list("C:\Users\Asus\Desktop\git_file\gowin_fpga\distortion\src\i2s\i2s_rx.v":18)
WARN  (EX3801) : Parameter 'state_fifo_write' becomes localparam in 'i2s_rx' with formal parameter declaration list("C:\Users\Asus\Desktop\git_file\gowin_fpga\distortion\src\i2s\i2s_rx.v":19)
Analyzing Verilog file 'C:\Users\Asus\Desktop\git_file\gowin_fpga\distortion\src\i2s\i2s_tx.v'
WARN  (EX3801) : Parameter 'state_idle' becomes localparam in 'i2s_tx' with formal parameter declaration list("C:\Users\Asus\Desktop\git_file\gowin_fpga\distortion\src\i2s\i2s_tx.v":17)
WARN  (EX3801) : Parameter 'state_tx_left_data' becomes localparam in 'i2s_tx' with formal parameter declaration list("C:\Users\Asus\Desktop\git_file\gowin_fpga\distortion\src\i2s\i2s_tx.v":18)
WARN  (EX3801) : Parameter 'state_tx_right_data' becomes localparam in 'i2s_tx' with formal parameter declaration list("C:\Users\Asus\Desktop\git_file\gowin_fpga\distortion\src\i2s\i2s_tx.v":19)
Analyzing Verilog file 'C:\Users\Asus\Desktop\git_file\gowin_fpga\distortion\src\top\audio_lookback.v'
Compiling module 'audio_lookback'("C:\Users\Asus\Desktop\git_file\gowin_fpga\distortion\src\top\audio_lookback.v":1)
Compiling module 'Gowin_PLL'("C:\Users\Asus\Desktop\git_file\gowin_fpga\distortion\src\gowin_pll\gowin_pll.v":10)
Compiling module 'WM8960_Init'("C:\Users\Asus\Desktop\git_file\gowin_fpga\distortion\src\WM8960_Init\WM8960_Init.v":17)
Compiling module 'I2C_Init_Dev'("C:\Users\Asus\Desktop\git_file\gowin_fpga\distortion\src\WM8960_Init\I2C_Init_Dev.v":16)
Compiling module 'wm8960_init_table'("C:\Users\Asus\Desktop\git_file\gowin_fpga\distortion\src\WM8960_Init\wm8960_init_table.v":16)
WARN  (EX1998) : Net 'rom[255][15]' does not have a driver("C:\Users\Asus\Desktop\git_file\gowin_fpga\distortion\src\WM8960_Init\wm8960_init_table.v":26)
Compiling module 'i2c_control'("C:\Users\Asus\Desktop\git_file\gowin_fpga\distortion\src\WM8960_Init\i2c_control.v":16)
Compiling module 'i2c_bit_shift'("C:\Users\Asus\Desktop\git_file\gowin_fpga\distortion\src\WM8960_Init\i2c_bit_shift.v":16)
WARN  (EX3670) : Actual bit length 32 differs from formal bit length 1 for port 'rdreg_req'("C:\Users\Asus\Desktop\git_file\gowin_fpga\distortion\src\WM8960_Init\I2C_Init_Dev.v":124)
WARN  (EX3670) : Actual bit length 32 differs from formal bit length 1 for port 'addr_mode'("C:\Users\Asus\Desktop\git_file\gowin_fpga\distortion\src\WM8960_Init\I2C_Init_Dev.v":126)
Compiling module 'distortion'("C:\Users\Asus\Desktop\git_file\gowin_fpga\distortion\src\distortion.v":1)
Extracting RAM for identifier 'distortion_lut'("C:\Users\Asus\Desktop\git_file\gowin_fpga\distortion\src\distortion.v":9)
Compiling module 'i2s_rx'("C:\Users\Asus\Desktop\git_file\gowin_fpga\distortion\src\i2s\i2s_rx.v":1)
Compiling module 'async_fifo(DATA_WIDTH=32,ADDR_WIDTH=8)'("C:\Users\Asus\Desktop\git_file\gowin_fpga\distortion\src\fifo\async_fifo.v":1)
Compiling module 'async_fifo_ctrl(DATA_WIDTH=32,ADDR_WIDTH=8)'("C:\Users\Asus\Desktop\git_file\gowin_fpga\distortion\src\fifo\async_fifo_ctrl.v":1)
Compiling module 'dpram(DATA_WIDTH=32,ADDR_WIDTH=8)'("C:\Users\Asus\Desktop\git_file\gowin_fpga\distortion\src\fifo\dpram.v":1)
Extracting RAM for identifier 'ram'("C:\Users\Asus\Desktop\git_file\gowin_fpga\distortion\src\fifo\dpram.v":23)
Compiling module 'i2s_tx'("C:\Users\Asus\Desktop\git_file\gowin_fpga\distortion\src\i2s\i2s_tx.v":1)
WARN  (EX1998) : Net 'dacfifo_writedata[31]' does not have a driver("C:\Users\Asus\Desktop\git_file\gowin_fpga\distortion\src\top\audio_lookback.v":39)
NOTE  (EX0101) : Current top module is "audio_lookback"
[5%] Running netlist conversion ...
Running device independent optimization ...
[10%] Optimizing Phase 0 completed
[15%] Optimizing Phase 1 completed
[25%] Optimizing Phase 2 completed
Running inference ...
[30%] Inferring Phase 0 completed
[40%] Inferring Phase 1 completed
[50%] Inferring Phase 2 completed
[55%] Inferring Phase 3 completed
Running technical mapping ...
[60%] Tech-Mapping Phase 0 completed
[65%] Tech-Mapping Phase 1 completed
[75%] Tech-Mapping Phase 2 completed
[80%] Tech-Mapping Phase 3 completed
[90%] Tech-Mapping Phase 4 completed
[95%] Generate netlist file "C:\Users\Asus\Desktop\git_file\gowin_fpga\distortion\impl\gwsynthesis\audio_loopback.vg" completed
[100%] Generate report file "C:\Users\Asus\Desktop\git_file\gowin_fpga\distortion\impl\gwsynthesis\audio_loopback_syn.rpt.html" completed
GowinSynthesis finish
